<?xml version="1.0" encoding="utf-8"?><testsuites name="pytest tests"><testsuite name="pytest" errors="0" failures="0" skipped="0" tests="51" time="8.647" timestamp="2026-09-15T05:54:23.501344+00:00" hostname="agent-env-a00369ed-5136-49bb-afd2-aa9837e952d3"><testcase classname="tests.backend_test.TestAuth" name="test_health_appearance_public" time="0.297" /><testcase classname="tests.backend_test.TestAuth" name="test_admin_login" time="0.423" /><testcase classname="tests.backend_test.TestAuth" name="test_unauthenticated_me_401" time="0.128" /><testcase classname="tests.backend_test.TestAuth" name="test_login_bad_password" time="0.367" /><testcase classname="tests.backend_test.TestAdminUsers" name="test_create_coach" time="0.294" /><testcase classname="tests.backend_test.TestAdminUsers" name="test_create_client" time="0.291" /><testcase classname="tests.backend_test.TestAdminUsers" name="test_duplicate_email_rejected" time="0.072" /><testcase classname="tests.backend_test.TestAdminUsers" name="test_admin_stats" time="0.073" /><testcase classname="tests.backend_test.TestAdminUsers" name="test_assign_client_to_coach" time="0.067" /><testcase classname="tests.backend_test.TestAppearance" name="test_get_appearance" time="0.073" /><testcase classname="tests.backend_test.TestAppearance" name="test_save_draft_and_publish" time="0.326" /><testcase classname="tests.backend_test.TestAppearance" name="test_restore_brand" time="0.132" /><testcase classname="tests.backend_test.TestPackages" name="test_create_package" time="0.068" /><testcase classname="tests.backend_test.TestPackages" name="test_list_packages" time="0.068" /><testcase classname="tests.backend_test.TestPackages" name="test_enroll_client" time="0.094" /><testcase classname="tests.backend_test.TestOnboarding" name="test_client_login" time="0.360" /><testcase classname="tests.backend_test.TestOnboarding" name="test_onboarding_incomplete_rejects" time="0.075" /><testcase classname="tests.backend_test.TestOnboarding" name="test_onboarding_save_and_complete" time="0.233" /><testcase classname="tests.backend_test.TestOnboarding" name="test_consent_required" time="0.074" /><testcase classname="tests.backend_test.TestPlans" name="test_coach_login_and_sees_client" time="0.426" /><testcase classname="tests.backend_test.TestPlans" name="test_client_overview_by_coach" time="0.075" /><testcase classname="tests.backend_test.TestPlans" name="test_nutrition_plan_publish_409_then_confirm" time="0.328" /><testcase classname="tests.backend_test.TestPlans" name="test_training_plan_create_and_publish" time="0.158" /><testcase classname="tests.backend_test.TestPlans" name="test_client_sees_active_plans" time="0.136" /><testcase classname="tests.backend_test.TestLogs" name="test_weight_log" time="0.160" /><testcase classname="tests.backend_test.TestLogs" name="test_foods_listing" time="0.070" /><testcase classname="tests.backend_test.TestLogs" name="test_meal_log" time="0.095" /><testcase classname="tests.backend_test.TestLogs" name="test_daily_log" time="0.091" /><testcase classname="tests.backend_test.TestLogs" name="test_workout_log" time="0.095" /><testcase classname="tests.backend_test.TestLogs" name="test_progress_endpoint" time="0.072" /><testcase classname="tests.backend_test.TestCheckins" name="test_coach_opens_checkin" time="0.099" /><testcase classname="tests.backend_test.TestCheckins" name="test_client_submits" time="0.072" /><testcase classname="tests.backend_test.TestCheckins" name="test_coach_responds" time="0.070" /><testcase classname="tests.backend_test.TestCheckins" name="test_client_sees_response" time="0.074" /><testcase classname="tests.backend_test.TestMessages" name="test_client_sends" time="0.075" /><testcase classname="tests.backend_test.TestMessages" name="test_coach_reads_and_replies" time="0.146" /><testcase classname="tests.backend_test.TestMessages" name="test_coach_threads" time="0.067" /><testcase classname="tests.backend_test.TestEnhanced" name="test_client_self_report" time="0.089" /><testcase classname="tests.backend_test.TestEnhanced" name="test_coach_sees_enhanced" time="0.067" /><testcase classname="tests.backend_test.TestPayments" name="test_client_upload_proof" time="0.097" /><testcase classname="tests.backend_test.TestPayments" name="test_admin_verify" time="0.134" /><testcase classname="tests.backend_test.TestRBAC" name="test_client_cannot_admin_stats" time="0.068" /><testcase classname="tests.backend_test.TestRBAC" name="test_coach_cannot_admin_stats" time="0.072" /><testcase classname="tests.backend_test.TestRBAC" name="test_coach_cannot_access_unassigned_client" time="0.361" /><testcase classname="tests.backend_test.TestRBAC" name="test_google_session_disabled_503" time="0.181" /><testcase classname="tests.backend_test.TestRBAC" name="test_forgot_password_stub_generic_200" time="0.140" /><testcase classname="tests.backend_test.TestRBAC" name="test_register_password_too_short_400" time="0.153" /><testcase classname="tests.backend_test.TestRBAC" name="test_register_and_login_new_client" time="0.909" /><testcase classname="tests.backend_test.TestRBAC" name="test_google_session_invalid" time="0.137" /><testcase classname="tests.backend_test.TestRBAC" name="test_client_A_cannot_access_client_B_overview" time="0.076" /><testcase classname="tests.backend_test.TestRBAC" name="test_client_can_access_own_overview" time="0.081" /></testsuite></testsuites>