<?xml version="1.0" encoding="utf-8"?><testsuites name="pytest tests"><testsuite name="pytest" errors="0" failures="0" skipped="0" tests="45" time="7.014" timestamp="2026-09-15T03:04:44.474769+00:00" hostname="agent-env-a3a9b811-9609-40b8-916a-b97c0da529f5"><testcase classname="tests.backend_test.TestAuth" name="test_health_appearance_public" time="0.176" /><testcase classname="tests.backend_test.TestAuth" name="test_admin_login" time="0.464" /><testcase classname="tests.backend_test.TestAuth" name="test_unauthenticated_me_401" time="0.196" /><testcase classname="tests.backend_test.TestAuth" name="test_login_bad_password" time="0.354" /><testcase classname="tests.backend_test.TestAdminUsers" name="test_create_coach" time="0.306" /><testcase classname="tests.backend_test.TestAdminUsers" name="test_create_client" time="0.305" /><testcase classname="tests.backend_test.TestAdminUsers" name="test_duplicate_email_rejected" time="0.085" /><testcase classname="tests.backend_test.TestAdminUsers" name="test_admin_stats" time="0.082" /><testcase classname="tests.backend_test.TestAdminUsers" name="test_assign_client_to_coach" time="0.081" /><testcase classname="tests.backend_test.TestAppearance" name="test_get_appearance" time="0.075" /><testcase classname="tests.backend_test.TestAppearance" name="test_save_draft_and_publish" time="0.340" /><testcase classname="tests.backend_test.TestAppearance" name="test_restore_brand" time="0.151" /><testcase classname="tests.backend_test.TestPackages" name="test_create_package" time="0.075" /><testcase classname="tests.backend_test.TestPackages" name="test_list_packages" time="0.079" /><testcase classname="tests.backend_test.TestPackages" name="test_enroll_client" time="0.085" /><testcase classname="tests.backend_test.TestOnboarding" name="test_client_login" time="0.355" /><testcase classname="tests.backend_test.TestOnboarding" name="test_onboarding_incomplete_rejects" time="0.090" /><testcase classname="tests.backend_test.TestOnboarding" name="test_onboarding_save_and_complete" time="0.197" /><testcase classname="tests.backend_test.TestOnboarding" name="test_consent_required" time="0.079" /><testcase classname="tests.backend_test.TestPlans" name="test_coach_login_and_sees_client" time="0.406" /><testcase classname="tests.backend_test.TestPlans" name="test_client_overview_by_coach" time="0.066" /><testcase classname="tests.backend_test.TestPlans" name="test_nutrition_plan_publish_409_then_confirm" time="0.284" /><testcase classname="tests.backend_test.TestPlans" name="test_training_plan_create_and_publish" time="0.142" /><testcase classname="tests.backend_test.TestPlans" name="test_client_sees_active_plans" time="0.158" /><testcase classname="tests.backend_test.TestLogs" name="test_weight_log" time="0.175" /><testcase classname="tests.backend_test.TestLogs" name="test_foods_listing" time="0.063" /><testcase classname="tests.backend_test.TestLogs" name="test_meal_log" time="0.087" /><testcase classname="tests.backend_test.TestLogs" name="test_daily_log" time="0.081" /><testcase classname="tests.backend_test.TestLogs" name="test_workout_log" time="0.083" /><testcase classname="tests.backend_test.TestLogs" name="test_progress_endpoint" time="0.068" /><testcase classname="tests.backend_test.TestCheckins" name="test_coach_opens_checkin" time="0.077" /><testcase classname="tests.backend_test.TestCheckins" name="test_client_submits" time="0.066" /><testcase classname="tests.backend_test.TestCheckins" name="test_coach_responds" time="0.067" /><testcase classname="tests.backend_test.TestCheckins" name="test_client_sees_response" time="0.060" /><testcase classname="tests.backend_test.TestMessages" name="test_client_sends" time="0.063" /><testcase classname="tests.backend_test.TestMessages" name="test_coach_reads_and_replies" time="0.128" /><testcase classname="tests.backend_test.TestMessages" name="test_coach_threads" time="0.066" /><testcase classname="tests.backend_test.TestEnhanced" name="test_client_self_report" time="0.070" /><testcase classname="tests.backend_test.TestEnhanced" name="test_coach_sees_enhanced" time="0.064" /><testcase classname="tests.backend_test.TestPayments" name="test_client_upload_proof" time="0.078" /><testcase classname="tests.backend_test.TestPayments" name="test_admin_verify" time="0.172" /><testcase classname="tests.backend_test.TestRBAC" name="test_client_cannot_admin_stats" time="0.066" /><testcase classname="tests.backend_test.TestRBAC" name="test_coach_cannot_admin_stats" time="0.065" /><testcase classname="tests.backend_test.TestRBAC" name="test_coach_cannot_access_unassigned_client" time="0.371" /><testcase classname="tests.backend_test.TestRBAC" name="test_google_session_invalid" time="0.336" /></testsuite></testsuites>